<?xml version="1.0" encoding="UTF-8"?>
<testsuite xmlns:xsi="http://www.w3.org/2001/XMLSchema-instance" xsi:noNamespaceSchemaLocation="https://maven.apache.org/surefire/maven-surefire-plugin/xsd/surefire-test-report.xsd" name="CreateCourier.CreateCourierWithoutPasswordTest" time="0.114" tests="1" errors="0" skipped="0" failures="0">
  <properties>
    <property name="java.specification.version" value="17"/>
    <property name="sun.jnu.encoding" value="UTF-8"/>
    <property name="java.class.path" value="/Users/erminskaiakseniia/Desktop/Sprint_7/target/test-classes:/Users/erminskaiakseniia/Desktop/Sprint_7/target/classes:/Users/erminskaiakseniia/.m2/repository/io/qameta/allure/allure-junit4/2.15.0/allure-junit4-2.15.0.jar:/Users/erminskaiakseniia/.m2/repository/io/qameta/allure/allure-java-commons/2.15.0/allure-java-commons-2.15.0.jar:/Users/erminskaiakseniia/.m2/repository/io/qameta/allure/allure-model/2.15.0/allure-model-2.15.0.jar:/Users/erminskaiakseniia/.m2/repository/io/qameta/allure/allure-rest-assured/2.15.0/allure-rest-assured-2.15.0.jar:/Users/erminskaiakseniia/.m2/repository/io/qameta/allure/allure-attachments/2.15.0/allure-attachments-2.15.0.jar:/Users/erminskaiakseniia/.m2/repository/org/freemarker/freemarker/2.3.31/freemarker-2.3.31.jar:/Users/erminskaiakseniia/.m2/repository/junit/junit/4.13.2/junit-4.13.2.jar:/Users/erminskaiakseniia/.m2/repository/org/hamcrest/hamcrest-core/1.3/hamcrest-core-1.3.jar:/Users/erminskaiakseniia/.m2/repository/io/rest-assured/rest-assured/5.1.1/rest-assured-5.1.1.jar:/Users/erminskaiakseniia/.m2/repository/org/apache/groovy/groovy/4.0.1/groovy-4.0.1.jar:/Users/erminskaiakseniia/.m2/repository/org/apache/groovy/groovy-xml/4.0.1/groovy-xml-4.0.1.jar:/Users/erminskaiakseniia/.m2/repository/org/apache/httpcomponents/httpclient/4.5.13/httpclient-4.5.13.jar:/Users/erminskaiakseniia/.m2/repository/org/apache/httpcomponents/httpcore/4.4.13/httpcore-4.4.13.jar:/Users/erminskaiakseniia/.m2/repository/commons-logging/commons-logging/1.2/commons-logging-1.2.jar:/Users/erminskaiakseniia/.m2/repository/commons-codec/commons-codec/1.11/commons-codec-1.11.jar:/Users/erminskaiakseniia/.m2/repository/org/apache/httpcomponents/httpmime/4.5.13/httpmime-4.5.13.jar:/Users/erminskaiakseniia/.m2/repository/org/hamcrest/hamcrest/2.1/hamcrest-2.1.jar:/Users/erminskaiakseniia/.m2/repository/org/ccil/cowan/tagsoup/tagsoup/1.2.1/tagsoup-1.2.1.jar:/Users/erminskaiakseniia/.m2/repository/io/rest-assured/json-path/5.1.1/json-path-5.1.1.jar:/Users/erminskaiakseniia/.m2/repository/org/apache/groovy/groovy-json/4.0.1/groovy-json-4.0.1.jar:/Users/erminskaiakseniia/.m2/repository/io/rest-assured/rest-assured-common/5.1.1/rest-assured-common-5.1.1.jar:/Users/erminskaiakseniia/.m2/repository/io/rest-assured/xml-path/5.1.1/xml-path-5.1.1.jar:/Users/erminskaiakseniia/.m2/repository/org/apache/commons/commons-lang3/3.11/commons-lang3-3.11.jar:/Users/erminskaiakseniia/.m2/repository/com/google/code/gson/gson/2.8.9/gson-2.8.9.jar:/Users/erminskaiakseniia/.m2/repository/com/fasterxml/jackson/core/jackson-databind/2.13.0/jackson-databind-2.13.0.jar:/Users/erminskaiakseniia/.m2/repository/com/fasterxml/jackson/core/jackson-annotations/2.13.0/jackson-annotations-2.13.0.jar:/Users/erminskaiakseniia/.m2/repository/com/fasterxml/jackson/core/jackson-core/2.13.0/jackson-core-2.13.0.jar:/Users/erminskaiakseniia/.m2/repository/org/slf4j/slf4j-nop/1.7.36/slf4j-nop-1.7.36.jar:/Users/erminskaiakseniia/.m2/repository/org/slf4j/slf4j-api/1.7.36/slf4j-api-1.7.36.jar:"/>
    <property name="java.vm.vendor" value="Oracle Corporation"/>
    <property name="sun.arch.data.model" value="64"/>
    <property name="java.vendor.url" value="https://java.oracle.com/"/>
    <property name="os.name" value="Mac OS X"/>
    <property name="java.vm.specification.version" value="17"/>
    <property name="sun.java.launcher" value="SUN_STANDARD"/>
    <property name="user.country" value="RU"/>
    <property name="sun.boot.library.path" value="/Library/Java/JavaVirtualMachines/jdk-17.0.1.jdk/Contents/Home/lib"/>
    <property name="sun.java.command" value="/Users/erminskaiakseniia/Desktop/Sprint_7/target/surefire/surefirebooter15648413306441036450.jar /Users/erminskaiakseniia/Desktop/Sprint_7/target/surefire 2022-08-27T17-08-06_697-jvmRun1 surefire1217832919280479927tmp surefire_0225940949460572881tmp"/>
    <property name="http.nonProxyHosts" value="local|*.local|169.254/16|*.169.254/16"/>
    <property name="jdk.debug" value="release"/>
    <property name="surefire.test.class.path" value="/Users/erminskaiakseniia/Desktop/Sprint_7/target/test-classes:/Users/erminskaiakseniia/Desktop/Sprint_7/target/classes:/Users/erminskaiakseniia/.m2/repository/io/qameta/allure/allure-junit4/2.15.0/allure-junit4-2.15.0.jar:/Users/erminskaiakseniia/.m2/repository/io/qameta/allure/allure-java-commons/2.15.0/allure-java-commons-2.15.0.jar:/Users/erminskaiakseniia/.m2/repository/io/qameta/allure/allure-model/2.15.0/allure-model-2.15.0.jar:/Users/erminskaiakseniia/.m2/repository/io/qameta/allure/allure-rest-assured/2.15.0/allure-rest-assured-2.15.0.jar:/Users/erminskaiakseniia/.m2/repository/io/qameta/allure/allure-attachments/2.15.0/allure-attachments-2.15.0.jar:/Users/erminskaiakseniia/.m2/repository/org/freemarker/freemarker/2.3.31/freemarker-2.3.31.jar:/Users/erminskaiakseniia/.m2/repository/junit/junit/4.13.2/junit-4.13.2.jar:/Users/erminskaiakseniia/.m2/repository/org/hamcrest/hamcrest-core/1.3/hamcrest-core-1.3.jar:/Users/erminskaiakseniia/.m2/repository/io/rest-assured/rest-assured/5.1.1/rest-assured-5.1.1.jar:/Users/erminskaiakseniia/.m2/repository/org/apache/groovy/groovy/4.0.1/groovy-4.0.1.jar:/Users/erminskaiakseniia/.m2/repository/org/apache/groovy/groovy-xml/4.0.1/groovy-xml-4.0.1.jar:/Users/erminskaiakseniia/.m2/repository/org/apache/httpcomponents/httpclient/4.5.13/httpclient-4.5.13.jar:/Users/erminskaiakseniia/.m2/repository/org/apache/httpcomponents/httpcore/4.4.13/httpcore-4.4.13.jar:/Users/erminskaiakseniia/.m2/repository/commons-logging/commons-logging/1.2/commons-logging-1.2.jar:/Users/erminskaiakseniia/.m2/repository/commons-codec/commons-codec/1.11/commons-codec-1.11.jar:/Users/erminskaiakseniia/.m2/repository/org/apache/httpcomponents/httpmime/4.5.13/httpmime-4.5.13.jar:/Users/erminskaiakseniia/.m2/repository/org/hamcrest/hamcrest/2.1/hamcrest-2.1.jar:/Users/erminskaiakseniia/.m2/repository/org/ccil/cowan/tagsoup/tagsoup/1.2.1/tagsoup-1.2.1.jar:/Users/erminskaiakseniia/.m2/repository/io/rest-assured/json-path/5.1.1/json-path-5.1.1.jar:/Users/erminskaiakseniia/.m2/repository/org/apache/groovy/groovy-json/4.0.1/groovy-json-4.0.1.jar:/Users/erminskaiakseniia/.m2/repository/io/rest-assured/rest-assured-common/5.1.1/rest-assured-common-5.1.1.jar:/Users/erminskaiakseniia/.m2/repository/io/rest-assured/xml-path/5.1.1/xml-path-5.1.1.jar:/Users/erminskaiakseniia/.m2/repository/org/apache/commons/commons-lang3/3.11/commons-lang3-3.11.jar:/Users/erminskaiakseniia/.m2/repository/com/google/code/gson/gson/2.8.9/gson-2.8.9.jar:/Users/erminskaiakseniia/.m2/repository/com/fasterxml/jackson/core/jackson-databind/2.13.0/jackson-databind-2.13.0.jar:/Users/erminskaiakseniia/.m2/repository/com/fasterxml/jackson/core/jackson-annotations/2.13.0/jackson-annotations-2.13.0.jar:/Users/erminskaiakseniia/.m2/repository/com/fasterxml/jackson/core/jackson-core/2.13.0/jackson-core-2.13.0.jar:/Users/erminskaiakseniia/.m2/repository/org/slf4j/slf4j-nop/1.7.36/slf4j-nop-1.7.36.jar:/Users/erminskaiakseniia/.m2/repository/org/slf4j/slf4j-api/1.7.36/slf4j-api-1.7.36.jar:"/>
    <property name="allure.results.directory" value="/Users/erminskaiakseniia/Desktop/Sprint_7/target/allure-results"/>
    <property name="sun.cpu.endian" value="little"/>
    <property name="user.home" value="/Users/erminskaiakseniia"/>
    <property name="user.language" value="ru"/>
    <property name="java.specification.vendor" value="Oracle Corporation"/>
    <property name="java.version.date" value="2021-10-19"/>
    <property name="java.home" value="/Library/Java/JavaVirtualMachines/jdk-17.0.1.jdk/Contents/Home"/>
    <property name="file.separator" value="/"/>
    <property name="basedir" value="/Users/erminskaiakseniia/Desktop/Sprint_7"/>
    <property name="java.vm.compressedOopsMode" value="Zero based"/>
    <property name="line.separator" value="&#10;"/>
    <property name="java.vm.specification.vendor" value="Oracle Corporation"/>
    <property name="java.specification.name" value="Java Platform API Specification"/>
    <property name="surefire.real.class.path" value="/Users/erminskaiakseniia/Desktop/Sprint_7/target/surefire/surefirebooter15648413306441036450.jar"/>
    <property name="sun.management.compiler" value="HotSpot 64-Bit Tiered Compilers"/>
    <property name="ftp.nonProxyHosts" value="local|*.local|169.254/16|*.169.254/16"/>
    <property name="java.runtime.version" value="17.0.1+12-LTS-39"/>
    <property name="user.name" value="erminskaiakseniia"/>
    <property name="path.separator" value=":"/>
    <property name="os.version" value="12.4"/>
    <property name="java.runtime.name" value="Java(TM) SE Runtime Environment"/>
    <property name="file.encoding" value="UTF-8"/>
    <property name="java.vm.name" value="Java HotSpot(TM) 64-Bit Server VM"/>
    <property name="localRepository" value="/Users/erminskaiakseniia/.m2/repository"/>
    <property name="java.vendor.url.bug" value="https://bugreport.java.com/bugreport/"/>
    <property name="java.io.tmpdir" value="/var/folders/9t/yf6f8g891gvf7jnt9bkjds140000gn/T/"/>
    <property name="idea.version" value="2021.3.3"/>
    <property name="java.version" value="17.0.1"/>
    <property name="user.dir" value="/Users/erminskaiakseniia/Desktop/Sprint_7"/>
    <property name="os.arch" value="aarch64"/>
    <property name="java.vm.specification.name" value="Java Virtual Machine Specification"/>
    <property name="native.encoding" value="UTF-8"/>
    <property name="java.library.path" value="/Users/erminskaiakseniia/Library/Java/Extensions:/Library/Java/Extensions:/Network/Library/Java/Extensions:/System/Library/Java/Extensions:/usr/lib/java:."/>
    <property name="java.vm.info" value="mixed mode, sharing"/>
    <property name="java.vendor" value="Oracle Corporation"/>
    <property name="java.vm.version" value="17.0.1+12-LTS-39"/>
    <property name="sun.io.unicode.encoding" value="UnicodeBig"/>
    <property name="socksNonProxyHosts" value="local|*.local|169.254/16|*.169.254/16"/>
    <property name="java.class.version" value="61.0"/>
  </properties>
  <testcase name="createCourierWithoutPasswordTest" classname="CreateCourier.CreateCourierWithoutPasswordTest" time="0.113"/>
</testsuite>